<root><w/><lg wit="A"><l id="1115" n="1097">La<w/>cambre<w/>est<w/>de<w/>marbre<w/>porfire</l><l id="1116" n="1098">Nus<w/>cler<crease n="start"/>ne<w/>vos<w/>poroit<crease n="end"/>desc<abbrev>ri</abbrev>re</l></lg></root>